2023-09-25 00:54:05.038 [SpringApplicationShutdownHook] INFO  o.s.o.j.LocalContainerEntityManagerFactoryBean - Closing JPA EntityManagerFactory for persistence unit 'default'
2023-09-25 00:54:05.097 [SpringApplicationShutdownHook] INFO  com.zaxxer.hikari.HikariDataSource - HikariPool-1 - Shutdown initiated...
2023-09-25 00:54:05.145 [SpringApplicationShutdownHook] INFO  com.zaxxer.hikari.HikariDataSource - HikariPool-1 - Shutdown completed.
2023-09-25 02:19:16.721 [restartedMain] INFO  c.a.a.ArquitecturaBackendApplication - Starting ArquitecturaBackendApplication using Java 20.0.1 with PID 20332 (C:\Users\limbert\Documents\UCB_Documentacion\Septimo_Semestre\Arquitectura\Proyectos\arquitecturaBackend\target\classes started by limbert in C:\Users\limbert\Documents\UCB_Documentacion\Septimo_Semestre\Arquitectura\Proyectos\arquitecturaBackend)
2023-09-25 02:19:16.731 [restartedMain] INFO  c.a.a.ArquitecturaBackendApplication - The following 1 profile is active: "dev"
2023-09-25 02:19:16.890 [restartedMain] INFO  o.s.b.d.e.DevToolsPropertyDefaultsPostProcessor - Devtools property defaults active! Set 'spring.devtools.add-properties' to 'false' to disable
2023-09-25 02:19:16.894 [restartedMain] INFO  o.s.b.d.e.DevToolsPropertyDefaultsPostProcessor - For additional web related logging consider setting the 'logging.level.web' property to 'DEBUG'
2023-09-25 02:19:18.813 [restartedMain] INFO  o.s.d.r.c.RepositoryConfigurationDelegate - Bootstrapping Spring Data JPA repositories in DEFAULT mode.
2023-09-25 02:19:18.969 [restartedMain] INFO  o.s.d.r.c.RepositoryConfigurationDelegate - Finished Spring Data repository scanning in 136 ms. Found 1 JPA repository interfaces.
2023-09-25 02:19:20.565 [restartedMain] INFO  o.s.b.w.e.tomcat.TomcatWebServer - Tomcat initialized with port(s): 8081 (http)
2023-09-25 02:19:20.589 [restartedMain] INFO  o.a.catalina.core.StandardService - Starting service [Tomcat]
2023-09-25 02:19:20.595 [restartedMain] INFO  o.a.catalina.core.StandardEngine - Starting Servlet engine: [Apache Tomcat/10.1.12]
2023-09-25 02:19:20.785 [restartedMain] INFO  o.a.c.c.C.[Tomcat].[localhost].[/] - Initializing Spring embedded WebApplicationContext
2023-09-25 02:19:20.786 [restartedMain] INFO  o.s.b.w.s.c.ServletWebServerApplicationContext - Root WebApplicationContext: initialization completed in 3890 ms
2023-09-25 02:19:21.313 [restartedMain] INFO  o.h.jpa.internal.util.LogHelper - HHH000204: Processing PersistenceUnitInfo [name: default]
2023-09-25 02:19:21.465 [restartedMain] INFO  org.hibernate.Version - HHH000412: Hibernate ORM core version 6.2.7.Final
2023-09-25 02:19:21.469 [restartedMain] INFO  org.hibernate.cfg.Environment - HHH000406: Using bytecode reflection optimizer
2023-09-25 02:19:21.881 [restartedMain] INFO  o.h.b.i.BytecodeProviderInitiator - HHH000021: Bytecode provider name : bytebuddy
2023-09-25 02:19:22.245 [restartedMain] INFO  o.s.o.j.p.SpringPersistenceUnitInfo - No LoadTimeWeaver setup: ignoring JPA class transformer
2023-09-25 02:19:22.283 [restartedMain] INFO  com.zaxxer.hikari.HikariDataSource - HikariPool-1 - Starting...
2023-09-25 02:19:22.509 [restartedMain] INFO  com.zaxxer.hikari.pool.HikariPool - HikariPool-1 - Added connection org.postgresql.jdbc.PgConnection@3aac610b
2023-09-25 02:19:22.512 [restartedMain] INFO  com.zaxxer.hikari.HikariDataSource - HikariPool-1 - Start completed.
2023-09-25 02:19:23.212 [restartedMain] INFO  o.h.b.i.BytecodeProviderInitiator - HHH000021: Bytecode provider name : bytebuddy
2023-09-25 02:19:24.629 [restartedMain] INFO  o.h.e.t.j.p.i.JtaPlatformInitiator - HHH000490: Using JtaPlatform implementation: [org.hibernate.engine.transaction.jta.platform.internal.NoJtaPlatform]
2023-09-25 02:19:24.634 [restartedMain] INFO  o.s.o.j.LocalContainerEntityManagerFactoryBean - Initialized JPA EntityManagerFactory for persistence unit 'default'
2023-09-25 02:19:25.253 [restartedMain] INFO  o.s.d.j.r.query.QueryEnhancerFactory - Hibernate is in classpath; If applicable, HQL parser will be used.
2023-09-25 02:19:26.160 [restartedMain] WARN  o.s.b.a.o.j.JpaBaseConfiguration$JpaWebConfiguration - spring.jpa.open-in-view is enabled by default. Therefore, database queries may be performed during view rendering. Explicitly configure spring.jpa.open-in-view to disable this warning
2023-09-25 02:19:27.185 [restartedMain] INFO  o.s.b.d.a.OptionalLiveReloadServer - LiveReload server is running on port 35729
2023-09-25 02:19:27.267 [restartedMain] INFO  o.s.b.w.e.tomcat.TomcatWebServer - Tomcat started on port(s): 8081 (http) with context path ''
2023-09-25 02:19:27.290 [restartedMain] INFO  c.a.a.ArquitecturaBackendApplication - Started ArquitecturaBackendApplication in 13.271 seconds (process running for 16.172)
2023-09-25 02:19:39.158 [SpringApplicationShutdownHook] INFO  o.s.o.j.LocalContainerEntityManagerFactoryBean - Closing JPA EntityManagerFactory for persistence unit 'default'
2023-09-25 02:19:39.164 [SpringApplicationShutdownHook] INFO  com.zaxxer.hikari.HikariDataSource - HikariPool-1 - Shutdown initiated...
2023-09-25 02:19:39.173 [SpringApplicationShutdownHook] INFO  com.zaxxer.hikari.HikariDataSource - HikariPool-1 - Shutdown completed.
2023-09-25 02:21:06.718 [restartedMain] INFO  c.a.a.ArquitecturaBackendApplication - Starting ArquitecturaBackendApplication using Java 20.0.1 with PID 63912 (C:\Users\limbert\Documents\UCB_Documentacion\Septimo_Semestre\Arquitectura\Proyectos\arquitecturaBackend\target\classes started by limbert in C:\Users\limbert\Documents\UCB_Documentacion\Septimo_Semestre\Arquitectura\Proyectos\arquitecturaBackend)
2023-09-25 02:21:06.730 [restartedMain] INFO  c.a.a.ArquitecturaBackendApplication - The following 1 profile is active: "dev"
2023-09-25 02:21:07.022 [restartedMain] INFO  o.s.b.d.e.DevToolsPropertyDefaultsPostProcessor - Devtools property defaults active! Set 'spring.devtools.add-properties' to 'false' to disable
2023-09-25 02:21:07.023 [restartedMain] INFO  o.s.b.d.e.DevToolsPropertyDefaultsPostProcessor - For additional web related logging consider setting the 'logging.level.web' property to 'DEBUG'
2023-09-25 02:21:08.900 [restartedMain] INFO  o.s.d.r.c.RepositoryConfigurationDelegate - Bootstrapping Spring Data JPA repositories in DEFAULT mode.
2023-09-25 02:21:09.222 [restartedMain] INFO  o.s.d.r.c.RepositoryConfigurationDelegate - Finished Spring Data repository scanning in 291 ms. Found 1 JPA repository interfaces.
2023-09-25 02:21:10.907 [restartedMain] INFO  o.s.b.w.e.tomcat.TomcatWebServer - Tomcat initialized with port(s): 8081 (http)
2023-09-25 02:21:10.932 [restartedMain] INFO  o.a.catalina.core.StandardService - Starting service [Tomcat]
2023-09-25 02:21:10.933 [restartedMain] INFO  o.a.catalina.core.StandardEngine - Starting Servlet engine: [Apache Tomcat/10.1.12]
2023-09-25 02:21:11.072 [restartedMain] INFO  o.a.c.c.C.[Tomcat].[localhost].[/] - Initializing Spring embedded WebApplicationContext
2023-09-25 02:21:11.073 [restartedMain] INFO  o.s.b.w.s.c.ServletWebServerApplicationContext - Root WebApplicationContext: initialization completed in 4048 ms
2023-09-25 02:21:11.501 [restartedMain] INFO  o.h.jpa.internal.util.LogHelper - HHH000204: Processing PersistenceUnitInfo [name: default]
2023-09-25 02:21:11.624 [restartedMain] INFO  org.hibernate.Version - HHH000412: Hibernate ORM core version 6.2.7.Final
2023-09-25 02:21:11.633 [restartedMain] INFO  org.hibernate.cfg.Environment - HHH000406: Using bytecode reflection optimizer
2023-09-25 02:21:12.004 [restartedMain] INFO  o.h.b.i.BytecodeProviderInitiator - HHH000021: Bytecode provider name : bytebuddy
2023-09-25 02:21:12.287 [restartedMain] INFO  o.s.o.j.p.SpringPersistenceUnitInfo - No LoadTimeWeaver setup: ignoring JPA class transformer
2023-09-25 02:21:12.338 [restartedMain] INFO  com.zaxxer.hikari.HikariDataSource - HikariPool-1 - Starting...
2023-09-25 02:21:12.585 [restartedMain] INFO  com.zaxxer.hikari.pool.HikariPool - HikariPool-1 - Added connection org.postgresql.jdbc.PgConnection@3dc6a13a
2023-09-25 02:21:12.587 [restartedMain] INFO  com.zaxxer.hikari.HikariDataSource - HikariPool-1 - Start completed.
2023-09-25 02:21:13.278 [restartedMain] INFO  o.h.b.i.BytecodeProviderInitiator - HHH000021: Bytecode provider name : bytebuddy
2023-09-25 02:21:14.886 [restartedMain] INFO  o.h.e.t.j.p.i.JtaPlatformInitiator - HHH000490: Using JtaPlatform implementation: [org.hibernate.engine.transaction.jta.platform.internal.NoJtaPlatform]
2023-09-25 02:21:14.893 [restartedMain] INFO  o.s.o.j.LocalContainerEntityManagerFactoryBean - Initialized JPA EntityManagerFactory for persistence unit 'default'
2023-09-25 02:21:15.753 [restartedMain] INFO  o.s.d.j.r.query.QueryEnhancerFactory - Hibernate is in classpath; If applicable, HQL parser will be used.
2023-09-25 02:21:16.721 [restartedMain] WARN  o.s.b.a.o.j.JpaBaseConfiguration$JpaWebConfiguration - spring.jpa.open-in-view is enabled by default. Therefore, database queries may be performed during view rendering. Explicitly configure spring.jpa.open-in-view to disable this warning
2023-09-25 02:21:17.568 [restartedMain] INFO  o.s.b.d.a.OptionalLiveReloadServer - LiveReload server is running on port 35729
2023-09-25 02:21:17.665 [restartedMain] INFO  o.s.b.w.e.tomcat.TomcatWebServer - Tomcat started on port(s): 8081 (http) with context path ''
2023-09-25 02:21:17.693 [restartedMain] INFO  c.a.a.ArquitecturaBackendApplication - Started ArquitecturaBackendApplication in 12.991 seconds (process running for 15.236)
2023-09-25 02:21:23.161 [SpringApplicationShutdownHook] INFO  o.s.o.j.LocalContainerEntityManagerFactoryBean - Closing JPA EntityManagerFactory for persistence unit 'default'
2023-09-25 02:21:23.167 [SpringApplicationShutdownHook] INFO  com.zaxxer.hikari.HikariDataSource - HikariPool-1 - Shutdown initiated...
2023-09-25 02:21:23.185 [SpringApplicationShutdownHook] INFO  com.zaxxer.hikari.HikariDataSource - HikariPool-1 - Shutdown completed.
2023-09-25 02:23:29.144 [restartedMain] INFO  c.a.a.ArquitecturaBackendApplication - Starting ArquitecturaBackendApplication using Java 20.0.1 with PID 54660 (C:\Users\limbert\Documents\UCB_Documentacion\Septimo_Semestre\Arquitectura\Proyectos\arquitecturaBackend\target\classes started by limbert in C:\Users\limbert\Documents\UCB_Documentacion\Septimo_Semestre\Arquitectura\Proyectos\arquitecturaBackend)
2023-09-25 02:23:29.153 [restartedMain] INFO  c.a.a.ArquitecturaBackendApplication - The following 1 profile is active: "dev"
2023-09-25 02:23:29.297 [restartedMain] INFO  o.s.b.d.e.DevToolsPropertyDefaultsPostProcessor - Devtools property defaults active! Set 'spring.devtools.add-properties' to 'false' to disable
2023-09-25 02:23:29.298 [restartedMain] INFO  o.s.b.d.e.DevToolsPropertyDefaultsPostProcessor - For additional web related logging consider setting the 'logging.level.web' property to 'DEBUG'
2023-09-25 02:23:31.347 [restartedMain] INFO  o.s.d.r.c.RepositoryConfigurationDelegate - Bootstrapping Spring Data JPA repositories in DEFAULT mode.
2023-09-25 02:23:31.519 [restartedMain] INFO  o.s.d.r.c.RepositoryConfigurationDelegate - Finished Spring Data repository scanning in 150 ms. Found 1 JPA repository interfaces.
2023-09-25 02:23:33.480 [restartedMain] INFO  o.s.b.w.e.tomcat.TomcatWebServer - Tomcat initialized with port(s): 8081 (http)
2023-09-25 02:23:33.513 [restartedMain] INFO  o.a.catalina.core.StandardService - Starting service [Tomcat]
2023-09-25 02:23:33.514 [restartedMain] INFO  o.a.catalina.core.StandardEngine - Starting Servlet engine: [Apache Tomcat/10.1.12]
2023-09-25 02:23:33.802 [restartedMain] INFO  o.a.c.c.C.[Tomcat].[localhost].[/] - Initializing Spring embedded WebApplicationContext
2023-09-25 02:23:33.803 [restartedMain] INFO  o.s.b.w.s.c.ServletWebServerApplicationContext - Root WebApplicationContext: initialization completed in 4504 ms
2023-09-25 02:23:34.281 [restartedMain] INFO  o.h.jpa.internal.util.LogHelper - HHH000204: Processing PersistenceUnitInfo [name: default]
2023-09-25 02:23:34.477 [restartedMain] INFO  org.hibernate.Version - HHH000412: Hibernate ORM core version 6.2.7.Final
2023-09-25 02:23:34.488 [restartedMain] INFO  org.hibernate.cfg.Environment - HHH000406: Using bytecode reflection optimizer
2023-09-25 02:23:35.012 [restartedMain] INFO  o.h.b.i.BytecodeProviderInitiator - HHH000021: Bytecode provider name : bytebuddy
2023-09-25 02:23:35.494 [restartedMain] INFO  o.s.o.j.p.SpringPersistenceUnitInfo - No LoadTimeWeaver setup: ignoring JPA class transformer
2023-09-25 02:23:35.565 [restartedMain] INFO  com.zaxxer.hikari.HikariDataSource - HikariPool-1 - Starting...
2023-09-25 02:23:35.938 [restartedMain] INFO  com.zaxxer.hikari.pool.HikariPool - HikariPool-1 - Added connection org.postgresql.jdbc.PgConnection@240e61d
2023-09-25 02:23:35.943 [restartedMain] INFO  com.zaxxer.hikari.HikariDataSource - HikariPool-1 - Start completed.
2023-09-25 02:23:36.712 [restartedMain] INFO  o.h.b.i.BytecodeProviderInitiator - HHH000021: Bytecode provider name : bytebuddy
2023-09-25 02:23:41.665 [restartedMain] INFO  o.h.e.t.j.p.i.JtaPlatformInitiator - HHH000490: Using JtaPlatform implementation: [org.hibernate.engine.transaction.jta.platform.internal.NoJtaPlatform]
2023-09-25 02:23:41.702 [restartedMain] INFO  o.s.o.j.LocalContainerEntityManagerFactoryBean - Initialized JPA EntityManagerFactory for persistence unit 'default'
2023-09-25 02:23:43.257 [restartedMain] INFO  o.s.d.j.r.query.QueryEnhancerFactory - Hibernate is in classpath; If applicable, HQL parser will be used.
2023-09-25 02:23:44.377 [restartedMain] WARN  o.s.b.a.o.j.JpaBaseConfiguration$JpaWebConfiguration - spring.jpa.open-in-view is enabled by default. Therefore, database queries may be performed during view rendering. Explicitly configure spring.jpa.open-in-view to disable this warning
2023-09-25 02:23:45.486 [restartedMain] INFO  o.s.b.d.a.OptionalLiveReloadServer - LiveReload server is running on port 35729
2023-09-25 02:23:45.618 [restartedMain] INFO  o.s.b.w.e.tomcat.TomcatWebServer - Tomcat started on port(s): 8081 (http) with context path ''
2023-09-25 02:23:45.648 [restartedMain] INFO  c.a.a.ArquitecturaBackendApplication - Started ArquitecturaBackendApplication in 18.417 seconds (process running for 21.409)
2023-09-25 02:24:48.208 [http-nio-8081-exec-1] INFO  o.a.c.c.C.[Tomcat].[localhost].[/] - Initializing Spring DispatcherServlet 'dispatcherServlet'
2023-09-25 02:24:48.209 [http-nio-8081-exec-1] INFO  o.s.web.servlet.DispatcherServlet - Initializing Servlet 'dispatcherServlet'
2023-09-25 02:24:48.211 [http-nio-8081-exec-1] INFO  o.s.web.servlet.DispatcherServlet - Completed initialization in 1 ms
2023-09-25 02:24:48.390 [http-nio-8081-exec-2] INFO  c.a.arquitecturaBackend.Api.DatosApi - Solicitud para obtener datos curiosos del usuario recibida
2023-09-25 02:24:48.391 [http-nio-8081-exec-2] INFO  c.a.arquitecturaBackend.Bl.DatosBl - Solicitud para obtener todos los datos curiosos recibida
2023-09-25 02:24:48.658 [http-nio-8081-exec-2] INFO  c.a.arquitecturaBackend.Bl.DatosBl - Datos curiosos obtenidos exitosamente
2023-09-25 02:24:48.659 [http-nio-8081-exec-2] INFO  c.a.arquitecturaBackend.Api.DatosApi - Datos curiosos obtenidos exitosamente
2023-09-25 02:24:58.926 [http-nio-8081-exec-4] INFO  c.a.arquitecturaBackend.Api.DatosApi - Solicitud para guardar datos curiosos recibida
2023-09-25 02:24:58.927 [http-nio-8081-exec-4] INFO  c.a.arquitecturaBackend.Bl.DatosBl - Solicitud para guardar datos curiosos recibida
2023-09-25 02:24:58.932 [http-nio-8081-exec-4] INFO  c.a.a.Bl.DatosVisitorImpl - Visitando método para guardar datos
2023-09-25 02:24:59.008 [http-nio-8081-exec-4] INFO  c.a.a.Bl.DatosVisitorImpl - Datos guardados exitosamente
2023-09-25 02:24:59.009 [http-nio-8081-exec-4] INFO  c.a.arquitecturaBackend.Bl.DatosBl - Datos curiosos guardados exitosamente
2023-09-25 02:24:59.009 [http-nio-8081-exec-4] INFO  c.a.arquitecturaBackend.Api.DatosApi - Datos curiosos guardados exitosamente
2023-09-25 02:24:59.025 [http-nio-8081-exec-5] INFO  c.a.arquitecturaBackend.Api.DatosApi - Solicitud para obtener datos curiosos del usuario recibida
2023-09-25 02:24:59.026 [http-nio-8081-exec-5] INFO  c.a.arquitecturaBackend.Bl.DatosBl - Solicitud para obtener todos los datos curiosos recibida
2023-09-25 02:24:59.034 [http-nio-8081-exec-5] INFO  c.a.arquitecturaBackend.Bl.DatosBl - Datos curiosos obtenidos exitosamente
2023-09-25 02:24:59.035 [http-nio-8081-exec-5] INFO  c.a.arquitecturaBackend.Api.DatosApi - Datos curiosos obtenidos exitosamente
2023-09-25 02:25:00.391 [http-nio-8081-exec-7] INFO  c.a.arquitecturaBackend.Api.DatosApi - Solicitud para obtener datos curiosos del usuario recibida
2023-09-25 02:25:00.392 [http-nio-8081-exec-7] INFO  c.a.arquitecturaBackend.Bl.DatosBl - Solicitud para obtener todos los datos curiosos recibida
2023-09-25 02:25:00.401 [http-nio-8081-exec-7] INFO  c.a.arquitecturaBackend.Bl.DatosBl - Datos curiosos obtenidos exitosamente
2023-09-25 02:25:00.401 [http-nio-8081-exec-7] INFO  c.a.arquitecturaBackend.Api.DatosApi - Datos curiosos obtenidos exitosamente
2023-09-25 02:25:00.910 [http-nio-8081-exec-9] INFO  c.a.arquitecturaBackend.Api.DatosApi - Solicitud para obtener datos curiosos del usuario recibida
2023-09-25 02:25:00.910 [http-nio-8081-exec-9] INFO  c.a.arquitecturaBackend.Bl.DatosBl - Solicitud para obtener todos los datos curiosos recibida
2023-09-25 02:25:00.917 [http-nio-8081-exec-9] INFO  c.a.arquitecturaBackend.Bl.DatosBl - Datos curiosos obtenidos exitosamente
2023-09-25 02:25:00.917 [http-nio-8081-exec-9] INFO  c.a.arquitecturaBackend.Api.DatosApi - Datos curiosos obtenidos exitosamente
2023-09-25 02:25:23.563 [http-nio-8081-exec-1] INFO  c.a.arquitecturaBackend.Api.DatosApi - Solicitud para actualizar datos curiosos con ID 32 recibida
2023-09-25 02:25:23.564 [http-nio-8081-exec-1] INFO  c.a.arquitecturaBackend.Bl.DatosBl - Solicitud para modificar datos curiosos con ID 32 recibida
2023-09-25 02:25:23.565 [http-nio-8081-exec-1] INFO  c.a.a.Bl.DatosVisitorImpl - Visitando método para modificar datos con ID 32
2023-09-25 02:25:23.599 [http-nio-8081-exec-1] INFO  c.a.a.Bl.DatosVisitorImpl - Datos con ID 32 modificados exitosamente
2023-09-25 02:25:23.599 [http-nio-8081-exec-1] INFO  c.a.arquitecturaBackend.Bl.DatosBl - Datos curiosos con ID 32 modificados exitosamente
2023-09-25 02:25:23.599 [http-nio-8081-exec-1] INFO  c.a.arquitecturaBackend.Api.DatosApi - Datos curiosos con ID 32 actualizados exitosamente
2023-09-25 02:25:23.612 [http-nio-8081-exec-2] INFO  c.a.arquitecturaBackend.Api.DatosApi - Solicitud para obtener datos curiosos del usuario recibida
2023-09-25 02:25:23.613 [http-nio-8081-exec-2] INFO  c.a.arquitecturaBackend.Bl.DatosBl - Solicitud para obtener todos los datos curiosos recibida
2023-09-25 02:25:23.617 [http-nio-8081-exec-2] INFO  c.a.arquitecturaBackend.Bl.DatosBl - Datos curiosos obtenidos exitosamente
2023-09-25 02:25:23.618 [http-nio-8081-exec-2] INFO  c.a.arquitecturaBackend.Api.DatosApi - Datos curiosos obtenidos exitosamente
2023-09-25 02:27:46.065 [SpringApplicationShutdownHook] INFO  o.s.o.j.LocalContainerEntityManagerFactoryBean - Closing JPA EntityManagerFactory for persistence unit 'default'
2023-09-25 02:27:46.070 [SpringApplicationShutdownHook] INFO  com.zaxxer.hikari.HikariDataSource - HikariPool-1 - Shutdown initiated...
2023-09-25 02:27:46.083 [SpringApplicationShutdownHook] INFO  com.zaxxer.hikari.HikariDataSource - HikariPool-1 - Shutdown completed.
2023-09-25 02:27:52.695 [restartedMain] INFO  c.a.a.ArquitecturaBackendApplication - Starting ArquitecturaBackendApplication using Java 20.0.1 with PID 41756 (C:\Users\limbert\Documents\UCB_Documentacion\Septimo_Semestre\Arquitectura\Proyectos\arquitecturaBackend\target\classes started by limbert in C:\Users\limbert\Documents\UCB_Documentacion\Septimo_Semestre\Arquitectura\Proyectos\arquitecturaBackend)
2023-09-25 02:27:52.699 [restartedMain] INFO  c.a.a.ArquitecturaBackendApplication - The following 1 profile is active: "dev"
2023-09-25 02:27:52.832 [restartedMain] INFO  o.s.b.d.e.DevToolsPropertyDefaultsPostProcessor - Devtools property defaults active! Set 'spring.devtools.add-properties' to 'false' to disable
2023-09-25 02:27:52.833 [restartedMain] INFO  o.s.b.d.e.DevToolsPropertyDefaultsPostProcessor - For additional web related logging consider setting the 'logging.level.web' property to 'DEBUG'
2023-09-25 02:27:54.449 [restartedMain] INFO  o.s.d.r.c.RepositoryConfigurationDelegate - Bootstrapping Spring Data JPA repositories in DEFAULT mode.
2023-09-25 02:27:54.585 [restartedMain] INFO  o.s.d.r.c.RepositoryConfigurationDelegate - Finished Spring Data repository scanning in 119 ms. Found 1 JPA repository interfaces.
2023-09-25 02:27:56.054 [restartedMain] INFO  o.s.b.w.e.tomcat.TomcatWebServer - Tomcat initialized with port(s): 8081 (http)
2023-09-25 02:27:56.077 [restartedMain] INFO  o.a.catalina.core.StandardService - Starting service [Tomcat]
2023-09-25 02:27:56.078 [restartedMain] INFO  o.a.catalina.core.StandardEngine - Starting Servlet engine: [Apache Tomcat/10.1.12]
2023-09-25 02:27:56.212 [restartedMain] INFO  o.a.c.c.C.[Tomcat].[localhost].[/] - Initializing Spring embedded WebApplicationContext
2023-09-25 02:27:56.213 [restartedMain] INFO  o.s.b.w.s.c.ServletWebServerApplicationContext - Root WebApplicationContext: initialization completed in 3378 ms
2023-09-25 02:27:56.626 [restartedMain] INFO  o.h.jpa.internal.util.LogHelper - HHH000204: Processing PersistenceUnitInfo [name: default]
2023-09-25 02:27:56.717 [restartedMain] INFO  org.hibernate.Version - HHH000412: Hibernate ORM core version 6.2.7.Final
2023-09-25 02:27:56.720 [restartedMain] INFO  org.hibernate.cfg.Environment - HHH000406: Using bytecode reflection optimizer
2023-09-25 02:27:56.982 [restartedMain] INFO  o.h.b.i.BytecodeProviderInitiator - HHH000021: Bytecode provider name : bytebuddy
2023-09-25 02:27:57.275 [restartedMain] INFO  o.s.o.j.p.SpringPersistenceUnitInfo - No LoadTimeWeaver setup: ignoring JPA class transformer
2023-09-25 02:27:57.308 [restartedMain] INFO  com.zaxxer.hikari.HikariDataSource - HikariPool-1 - Starting...
2023-09-25 02:27:57.525 [restartedMain] INFO  com.zaxxer.hikari.pool.HikariPool - HikariPool-1 - Added connection org.postgresql.jdbc.PgConnection@6c5bdfa5
2023-09-25 02:27:57.528 [restartedMain] INFO  com.zaxxer.hikari.HikariDataSource - HikariPool-1 - Start completed.
2023-09-25 02:27:58.178 [restartedMain] INFO  o.h.b.i.BytecodeProviderInitiator - HHH000021: Bytecode provider name : bytebuddy
2023-09-25 02:27:59.629 [restartedMain] INFO  o.h.e.t.j.p.i.JtaPlatformInitiator - HHH000490: Using JtaPlatform implementation: [org.hibernate.engine.transaction.jta.platform.internal.NoJtaPlatform]
2023-09-25 02:27:59.635 [restartedMain] INFO  o.s.o.j.LocalContainerEntityManagerFactoryBean - Initialized JPA EntityManagerFactory for persistence unit 'default'
2023-09-25 02:28:00.179 [restartedMain] INFO  o.s.d.j.r.query.QueryEnhancerFactory - Hibernate is in classpath; If applicable, HQL parser will be used.
2023-09-25 02:28:00.813 [restartedMain] WARN  o.s.b.a.o.j.JpaBaseConfiguration$JpaWebConfiguration - spring.jpa.open-in-view is enabled by default. Therefore, database queries may be performed during view rendering. Explicitly configure spring.jpa.open-in-view to disable this warning
2023-09-25 02:28:01.449 [restartedMain] INFO  o.s.b.d.a.OptionalLiveReloadServer - LiveReload server is running on port 35729
2023-09-25 02:28:01.516 [restartedMain] INFO  o.s.b.w.e.tomcat.TomcatWebServer - Tomcat started on port(s): 8081 (http) with context path ''
2023-09-25 02:28:01.530 [restartedMain] INFO  c.a.a.ArquitecturaBackendApplication - Started ArquitecturaBackendApplication in 10.24 seconds (process running for 12.075)
2023-09-25 02:28:07.246 [SpringApplicationShutdownHook] INFO  o.s.o.j.LocalContainerEntityManagerFactoryBean - Closing JPA EntityManagerFactory for persistence unit 'default'
2023-09-25 02:28:07.251 [SpringApplicationShutdownHook] INFO  com.zaxxer.hikari.HikariDataSource - HikariPool-1 - Shutdown initiated...
2023-09-25 02:28:07.261 [SpringApplicationShutdownHook] INFO  com.zaxxer.hikari.HikariDataSource - HikariPool-1 - Shutdown completed.
